<?xml version="1.0" encoding="UTF-8"?>
<testng-results skipped="0" failed="0" total="1" passed="1">
  <reporter-output>
  </reporter-output>
  <suite name="Suite" duration-ms="43443" started-at="2016-06-12T04:28:07Z" finished-at="2016-06-12T04:28:51Z">
    <groups>
    </groups>
    <test name="Test" duration-ms="43443" started-at="2016-06-12T04:28:07Z" finished-at="2016-06-12T04:28:51Z">
      <class name="com.ars.automation.LoginTest">
        <test-method status="PASS" signature="beforeTest()[pri:0, instance:com.ars.automation.LoginTest@736d4a3e]" name="beforeTest" is-config="true" duration-ms="17934" started-at="2016-06-12T09:58:07Z" finished-at="2016-06-12T09:58:25Z">
          <reporter-output>
          </reporter-output>
        </test-method> <!-- beforeTest -->
        <test-method status="PASS" signature="testEasy()[pri:0, instance:com.ars.automation.LoginTest@736d4a3e]" name="testEasy" duration-ms="24224" started-at="2016-06-12T09:58:26Z" finished-at="2016-06-12T09:58:50Z">
          <reporter-output>
          </reporter-output>
        </test-method> <!-- testEasy -->
        <test-method status="PASS" signature="afterTest()[pri:0, instance:com.ars.automation.LoginTest@736d4a3e]" name="afterTest" is-config="true" duration-ms="1113" started-at="2016-06-12T09:58:50Z" finished-at="2016-06-12T09:58:51Z">
          <reporter-output>
          </reporter-output>
        </test-method> <!-- afterTest -->
      </class> <!-- com.ars.automation.LoginTest -->
    </test> <!-- Test -->
  </suite> <!-- Suite -->
</testng-results>
